<?xml version="1.0" encoding="UTF-8"?>
<!-- Generated by org.testng.reporters.JUnitReportReporter -->
<testsuite skipped="0" hostname="DESKTOP-86065GO" name="com.testNG.example.GroupTest" tests="2" failures="0" timestamp="22 Sep 2017 17:25:58 GMT" time="0.000" errors="0">
  <testcase name="secondGroup" time="0.000" classname="com.testNG.example.GroupTest"/>
  <testcase name="firstGroup" time="0.000" classname="com.testNG.example.GroupTest"/>
</testsuite> <!-- com.testNG.example.GroupTest -->
