<<<<<<< HEAD
<?xml version="1.0" encoding="UTF-8"?>
<!-- Generated by org.testng.reporters.JUnitReportReporter -->
<testsuite skipped="0" hostname="DESKTOP-86065GO" name="com.testNG.example.testNGdemo" tests="2" failures="0" timestamp="21 Sep 2017 18:20:59 GMT" time="0.000" errors="0">
  <testcase name="secondtest" time="0.000" classname="com.testNG.example.testNGdemo"/>
  <testcase name="firsttest" time="0.000" classname="com.testNG.example.testNGdemo"/>
</testsuite> <!-- com.testNG.example.testNGdemo -->
=======
<?xml version="1.0" encoding="UTF-8"?>
<!-- Generated by org.testng.reporters.JUnitReportReporter -->
<testsuite skipped="0" hostname="DESKTOP-86065GO" name="com.testNG.example.testNGdemo" tests="2" failures="0" timestamp="21 Sep 2017 18:20:59 GMT" time="0.000" errors="0">
  <testcase name="secondtest" time="0.000" classname="com.testNG.example.testNGdemo"/>
  <testcase name="firsttest" time="0.000" classname="com.testNG.example.testNGdemo"/>
</testsuite> <!-- com.testNG.example.testNGdemo -->
>>>>>>> 61b6bdb69ac67f484e80402861f00e1411229ed1
