<?xml version="1.0" encoding="UTF-8"?>
<!-- Generated by org.testng.reporters.JUnitReportReporter -->
<testsuite skipped="0" hostname="DESKTOP-86065GO" name="com.testNG.example.GroupTest" tests="1" failures="0" timestamp="21 Sep 2017 19:07:56 GMT" time="0.000" errors="0">
  <testcase name="firstGroup" time="0.000" classname="com.testNG.example.GroupTest"/>
</testsuite> <!-- com.testNG.example.GroupTest -->
