<?xml version="1.0" encoding="UTF-8"?>
<!-- Generated by org.testng.reporters.JUnitReportReporter -->
<testsuite skipped="0" hostname="DESKTOP-86065GO" name="com.testNG.example.secondNGdemo" tests="3" failures="0" timestamp="21 Sep 2017 18:20:59 GMT" time="1.017" errors="0">
  <testcase name="firstTest" time="0.015" classname="com.testNG.example.secondNGdemo"/>
  <testcase name="thirdtest" time="1.002" classname="com.testNG.example.secondNGdemo"/>
  <testcase name="secondTest" time="0.000" classname="com.testNG.example.secondNGdemo"/>
</testsuite> <!-- com.testNG.example.secondNGdemo -->
