<?xml version="1.0" encoding="UTF-8"?>
<!-- Generated by org.testng.reporters.JUnitReportReporter -->
<testsuite skipped="0" hostname="DESKTOP-86065GO" name="GettingStarting.SeleniumLesson.thirdselenium" tests="1" failures="0" timestamp="25 Sep 2017 19:38:33 GMT" time="6.014" errors="0">
  <testcase name="firstTime" time="6.014" classname="GettingStarting.SeleniumLesson.thirdselenium"/>
</testsuite> <!-- GettingStarting.SeleniumLesson.thirdselenium -->
