<?xml version="1.0" encoding="UTF-8"?>
<!-- Generated by org.testng.reporters.JUnitReportReporter -->
<testsuite skipped="0" hostname="DESKTOP-86065GO" name="GettingStarting.SeleniumLesson.frameTest" tests="1" failures="0" timestamp="27 Sep 2017 19:44:35 GMT" time="9.916" errors="0">
  <testcase name="frametesting" time="9.916" classname="GettingStarting.SeleniumLesson.frameTest"/>
</testsuite> <!-- GettingStarting.SeleniumLesson.frameTest -->
