<?xml version="1.0" encoding="UTF-8"?>
<!-- Generated by org.testng.reporters.JUnitReportReporter -->
<testsuite skipped="0" hostname="DESKTOP-86065GO" name="GettingStarting.SeleniumLesson.firstselenium" tests="1" failures="0" timestamp="25 Sep 2017 18:10:04 GMT" time="11.748" errors="0">
  <testcase name="firstTime" time="11.748" classname="GettingStarting.SeleniumLesson.firstselenium"/>
</testsuite> <!-- GettingStarting.SeleniumLesson.firstselenium -->
