<?xml version="1.0" encoding="UTF-8"?>
<!-- Generated by org.testng.reporters.JUnitReportReporter -->
<testsuite skipped="0" hostname="DESKTOP-86065GO" name="GettingStarting.SeleniumLesson.actions" tests="1" failures="0" timestamp="26 Sep 2017 19:38:34 GMT" time="9.194" errors="0">
  <testcase name="act" time="9.194" classname="GettingStarting.SeleniumLesson.actions"/>
</testsuite> <!-- GettingStarting.SeleniumLesson.actions -->
