<?xml version="1.0" encoding="UTF-8"?>
<!-- Generated by org.testng.reporters.JUnitReportReporter -->
<testsuite skipped="0" hostname="DESKTOP-86065GO" name="GettingStarting.SeleniumLesson.WindowHandles" tests="1" failures="0" timestamp="27 Sep 2017 19:10:33 GMT" time="27.230" errors="0">
  <testcase name="googlehandle" time="27.230" classname="GettingStarting.SeleniumLesson.WindowHandles"/>
</testsuite> <!-- GettingStarting.SeleniumLesson.WindowHandles -->
