<?xml version="1.0" encoding="UTF-8"?>
<!-- Generated by org.testng.reporters.JUnitReportReporter -->
<testsuite skipped="0" hostname="DESKTOP-86065GO" name="GettingStarting.SeleniumLesson.secondselenium" tests="1" failures="0" timestamp="25 Sep 2017 18:56:59 GMT" time="6.077" errors="0">
  <testcase name="facebookAuto" time="6.077" classname="GettingStarting.SeleniumLesson.secondselenium"/>
</testsuite> <!-- GettingStarting.SeleniumLesson.secondselenium -->
