<?xml version="1.0" encoding="UTF-8"?>
<!-- Generated by org.testng.reporters.JUnitReportReporter -->
<testsuite hostname="DESKTOP-86065GO" name="com.testNG.example.GroupTest" tests="2" failures="0" timestamp="22 Sep 2017 18:12:05 GMT" time="0.016" errors="0">
  <testcase name="firstGroup" time="0.016" classname="com.testNG.example.GroupTest"/>
  <testcase name="secondGroup" time="0.000" classname="com.testNG.example.GroupTest"/>
</testsuite> <!-- com.testNG.example.GroupTest -->
