<?xml version="1.0" encoding="UTF-8"?>
<!-- Generated by org.testng.reporters.JUnitReportReporter -->
<testsuite hostname="DESKTOP-86065GO" name="com.testNG.example.testNGdemo" tests="2" failures="0" timestamp="22 Sep 2017 17:23:10 GMT" time="0.000" errors="0">
  <testcase name="firsttest" time="0.000" classname="com.testNG.example.testNGdemo"/>
  <testcase name="secondtest" time="0.000" classname="com.testNG.example.testNGdemo"/>
</testsuite> <!-- com.testNG.example.testNGdemo -->
