<?xml version="1.0" encoding="UTF-8"?>
<!-- Generated by org.testng.reporters.JUnitReportReporter -->
<testsuite hostname="DESKTOP-86065GO" name="Firstlesson.AppTest" tests="1" failures="0" timestamp="22 Sep 2017 18:12:05 GMT" time="0.000" errors="0">
  <testcase name="testApp" time="0.000" classname="Firstlesson.AppTest"/>
</testsuite> <!-- Firstlesson.AppTest -->
